<?xml version="1.0" encoding="UTF-8"?>
<testng-results ignored="0" total="1" passed="1" failed="0" skipped="0">
  <reporter-output>
  </reporter-output>
  <suite started-at="2023-02-28T23:47:37 PST" name="Default suite" finished-at="2023-02-28T23:47:39 PST" duration-ms="2148">
    <groups>
    </groups>
    <test started-at="2023-02-28T23:47:37 PST" name="Default test" finished-at="2023-02-28T23:47:39 PST" duration-ms="2148">
      <class name="FirstGetRequest">
        <test-method signature="testcase01()[pri:0, instance:FirstGetRequest@50b5ac82]" started-at="2023-02-28T23:47:37 PST" name="testcase01" finished-at="2023-02-28T23:47:39 PST" duration-ms="2108" status="PASS">
          <reporter-output>
          </reporter-output>
        </test-method> <!-- testcase01 -->
      </class> <!-- FirstGetRequest -->
    </test> <!-- Default test -->
  </suite> <!-- Default suite -->
</testng-results>
